 Total Nb of available Diagnostics: ndiagt=   213
------------------------------------------------------------------------------------
  Num  |<-Name->|Levs|  mate |<- code ->|<--  Units   -->|<- Tile (max=80c)         
------------------------------------------------------------------------------------
     1 |SDIAG1  |  1 |       |SM      L1|user-defined    |User-Defined   Surface   Diagnostic  #1
     2 |SDIAG2  |  1 |       |SM      L1|user-defined    |User-Defined   Surface   Diagnostic  #2
     3 |SDIAG3  |  1 |       |SM      L1|user-defined    |User-Defined   Surface   Diagnostic  #3
     4 |SDIAG4  |  1 |       |SM      L1|user-defined    |User-Defined   Surface   Diagnostic  #4
     5 |SDIAG5  |  1 |       |SM      L1|user-defined    |User-Defined   Surface   Diagnostic  #5
     6 |SDIAG6  |  1 |       |SM      L1|user-defined    |User-Defined   Surface   Diagnostic  #6
     7 |SDIAG7  |  1 |       |SU      L1|user-defined    |User-Defined U.pt Surface Diagnostic #7
     8 |SDIAG8  |  1 |       |SV      L1|user-defined    |User-Defined V.pt Surface Diagnostic #8
     9 |SDIAG9  |  1 |    10 |UU      L1|user-defined    |User-Defined U.vector Surface Diag.  #9
    10 |SDIAG10 |  1 |     9 |VV      L1|user-defined    |User-Defined V.vector Surface Diag. #10
    11 |UDIAG1  |100 |       |SM      MR|user-defined    |User-Defined Model-Level Diagnostic  #1
    12 |UDIAG2  |100 |       |SM      MR|user-defined    |User-Defined Model-Level Diagnostic  #2
    13 |UDIAG3  |100 |       |SMR     MR|user-defined    |User-Defined Model-Level Diagnostic  #3
    14 |UDIAG4  |100 |       |SMR     MR|user-defined    |User-Defined Model-Level Diagnostic  #4
    15 |UDIAG5  |100 |       |SU      MR|user-defined    |User-Defined U.pt Model-Level Diag.  #5
    16 |UDIAG6  |100 |       |SV      MR|user-defined    |User-Defined V.pt Model-Level Diag.  #6
    17 |UDIAG7  |100 |    18 |UUR     MR|user-defined    |User-Defined U.vector Model-Lev Diag.#7
    18 |UDIAG8  |100 |    17 |VVR     MR|user-defined    |User-Defined V.vector Model-Lev Diag.#8
    19 |UDIAG9  |100 |       |SM      ML|user-defined    |User-Defined Phys-Level  Diagnostic  #9
    20 |UDIAG10 |100 |       |SM      ML|user-defined    |User-Defined Phys-Level  Diagnostic #10
    21 |SDIAGC  |  1 |    22 |SM  C   L1|user-defined    |User-Defined Counted Surface Diagnostic
    22 |SDIAGCC |  1 |       |SM      L1|count           |User-Defined Surface Diagnostic Counter
    23 |ETAN    |  1 |       |SM      M1|m               |Surface Height Anomaly
    24 |ETANSQ  |  1 |       |SM P    M1|m^2             |Square of Surface Height Anomaly
    25 |DETADT2 |  1 |       |SM      M1|m^2/s^2         |Square of Surface Height Anomaly Tendency
    26 |THETA   |100 |       |SMR     MR|degC            |Potential Temperature
    27 |SALT    |100 |       |SMR     MR|psu             |Salinity
    28 |RELHUM  |100 |       |SMR     MR|percent         |Relative Humidity
    29 |SALTanom|100 |       |SMR     MR|psu             |Salt anomaly (=SALT-35; g/kg)
    30 |UVEL    |100 |    31 |UUR     MR|m/s             |Zonal Component of Velocity (m/s)
    31 |VVEL    |100 |    30 |VVR     MR|m/s             |Meridional Component of Velocity (m/s)
    32 |WVEL    |100 |       |WM      LR|m/s             |Vertical Component of Velocity (r_units/s)
    33 |THETASQ |100 |       |SMRP    MR|degC^2          |Square of Potential Temperature
    34 |SALTSQ  |100 |       |SMRP    MR|(psu)^2         |Square of Salinity
    35 |SALTSQan|100 |       |SMRP    MR|(psu)^2         |Square of Salt anomaly (=(SALT-35)^2 (g^2/kg^2)
    36 |UVELSQ  |100 |    37 |UURP    MR|m^2/s^2         |Square of Zonal Comp of Velocity (m^2/s^2)
    37 |VVELSQ  |100 |    36 |VVRP    MR|m^2/s^2         |Square of Meridional Comp of Velocity (m^2/s^2)
    38 |WVELSQ  |100 |       |WM P    LR|m^2/s^2         |Square of Vertical Comp of Velocity
    39 |UE_VEL_C|100 |    40 |UMR     MR|m/s             |Eastward Velocity (m/s) (cell center)
    40 |VN_VEL_C|100 |    39 |VMR     MR|m/s             |Northward Velocity (m/s) (cell center)
    41 |UV_VEL_C|100 |    41 |UMR     MR|m^2/s^2         |Product of horizontal Comp of velocity (cell center)
    42 |UV_VEL_Z|100 |    42 |UZR     MR|m^2/s^2         |Meridional Transport of Zonal Momentum (m^2/s^2)
    43 |WU_VEL  |100 |       |WU      LR|m.m/s^2         |Vertical Transport of Zonal Momentum
    44 |WV_VEL  |100 |       |WV      LR|m.m/s^2         |Vertical Transport of Meridional Momentum
    45 |UVELMASS|100 |    46 |UUr     MR|m/s             |Zonal Mass-Weighted Comp of Velocity (m/s)
    46 |VVELMASS|100 |    45 |VVr     MR|m/s             |Meridional Mass-Weighted Comp of Velocity (m/s)
    47 |WVELMASS|100 |       |WM      LR|m/s             |Vertical Mass-Weighted Comp of Velocity
    48 |PhiVEL  |100 |    45 |SMR P   MR|m^2/s           |Horizontal Velocity Potential (m^2/s)
    49 |PsiVEL  |100 |    48 |SZ  P   MR|m.m^2/s         |Horizontal Velocity Stream-Function
    50 |UTHMASS |100 |    51 |UUr     MR|degC.m/s        |Zonal Mass-Weight Transp of Pot Temp
    51 |VTHMASS |100 |    50 |VVr     MR|degC.m/s        |Meridional Mass-Weight Transp of Pot Temp
    52 |WTHMASS |100 |       |WM      LR|degC.m/s        |Vertical Mass-Weight Transp of Pot Temp (K.m/s)
    53 |USLTMASS|100 |    54 |UUr     MR|psu.m/s         |Zonal Mass-Weight Transp of Salinity
    54 |VSLTMASS|100 |    53 |VVr     MR|psu.m/s         |Meridional Mass-Weight Transp of Salinity
    55 |WSLTMASS|100 |       |WM      LR|psu.m/s         |Vertical Mass-Weight Transp of Salinity
    56 |UVELTH  |100 |    57 |UUR     MR|degC.m/s        |Zonal Transport of Pot Temp
    57 |VVELTH  |100 |    56 |VVR     MR|degC.m/s        |Meridional Transport of Pot Temp
    58 |WVELTH  |100 |       |WM      LR|degC.m/s        |Vertical Transport of Pot Temp
    59 |UVELSLT |100 |    60 |UUR     MR|psu.m/s         |Zonal Transport of Salinity
    60 |VVELSLT |100 |    59 |VVR     MR|psu.m/s         |Meridional Transport of Salinity
    61 |WVELSLT |100 |       |WM      LR|psu.m/s         |Vertical Transport of Salinity
    62 |UVELPHI |100 |    63 |UUr     MR|m^3/s^3         |Zonal Mass-Weight Transp of Pressure Pot.(p/rho) Anomaly
    63 |VVELPHI |100 |    62 |VVr     MR|m^3/s^3         |Merid. Mass-Weight Transp of Pressure Pot.(p/rho) Anomaly
    64 |RHOAnoma|100 |       |SMR     MR|kg/m^3          |Density Anomaly (=Rho-rhoConst)
    65 |RHOANOSQ|100 |       |SMRP    MR|kg^2/m^6        |Square of Density Anomaly (=(Rho-rhoConst)^2)
    66 |URHOMASS|100 |    67 |UUr     MR|kg/m^2/s        |Zonal Transport of Density
    67 |VRHOMASS|100 |    66 |VVr     MR|kg/m^2/s        |Meridional Transport of Density
    68 |WRHOMASS|100 |       |WM      LR|kg/m^2/s        |Vertical Transport of Density
    69 |WdRHO_P |100 |       |WM      LR|kg/m^2/s        |Vertical velocity times delta^k(Rho)_at-const-P
    70 |WdRHOdP |100 |       |WM      LR|kg/m^2/s        |Vertical velocity times delta^k(Rho)_at-const-T,S
    71 |PHIHYD  |100 |       |SMR     MR|m^2/s^2         |Hydrostatic Pressure Pot.(p/rho) Anomaly
    72 |PHIHYDSQ|100 |       |SMRP    MR|m^4/s^4         |Square of Hyd. Pressure Pot.(p/rho) Anomaly
    73 |PHIBOT  |  1 |       |SM      M1|m^2/s^2         |Bottom Pressure Pot.(p/rho) Anomaly
    74 |PHIBOTSQ|  1 |       |SM P    M1|m^4/s^4         |Square of Bottom Pressure Pot.(p/rho) Anomaly
    75 |PHI_SURF|  1 |       |SM      M1|m^2/s^2         |Surface Dynamical Pressure Pot.(p/rho)
    76 |PHIHYDcR|100 |       |SMR     MR|m^2/s^2         |Hydrostatic Pressure Pot.(p/rho) Anomaly @ const r
    77 |MXLDEPTH|  1 |       |SM      M1|m               |Mixed-Layer Depth (>0)
    78 |DRHODR  |100 |       |SM      LR|kg/m^4          |Stratification: d.Sigma/dr (kg/m3/r_unit)
    79 |CONVADJ |100 |       |SMR     LR|fraction        |Convective Adjustment Index [0-1]
    80 |oceTAUX |  1 |    81 |UU      U1|N/m^2           |zonal surface wind stress, >0 increases uVel
    81 |oceTAUY |  1 |    80 |VV      U1|N/m^2           |meridional surf. wind stress, >0 increases vVel
    82 |atmPload|  1 |       |SM      U1|Pa              |Atmospheric pressure loading
    83 |sIceLoad|  1 |       |SM      U1|kg/m^2          |sea-ice loading (in Mass of ice+snow / area unit)
    84 |oceFWflx|  1 |       |SM      U1|kg/m^2/s        |net surface Fresh-Water flux into the ocean (+=down), >0 decreases salinity
    85 |oceSflux|  1 |       |SM      U1|g/m^2/s         |net surface Salt flux into the ocean (+=down), >0 increases salinity
    86 |oceQnet |  1 |       |SM      U1|W/m^2           |net surface heat flux into the ocean (+=down), >0 increases theta
    87 |oceQsw  |  1 |       |SM      U1|W/m^2           |net Short-Wave radiation (+=down), >0 increases theta
    88 |oceFreez|  1 |       |SM      U1|W/m^2           |heating from freezing of sea-water (allowFreezing=T)
    89 |TRELAX  |  1 |       |SM      U1|W/m^2           |surface temperature relaxation, >0 increases theta
    90 |SRELAX  |  1 |       |SM      U1|g/m^2/s         |surface salinity relaxation, >0 increases salt
    91 |surForcT|  1 |       |SM      U1|W/m^2           |model surface forcing for Temperature, >0 increases theta
    92 |surForcS|  1 |       |SM      U1|g/m^2/s         |model surface forcing for Salinity, >0 increases salinity
    93 |TFLUX   |  1 |       |SM      U1|W/m^2           |total heat flux (match heat-content variations), >0 increases theta
    94 |SFLUX   |  1 |       |SM      U1|g/m^2/s         |total salt flux (match salt-content variations), >0 increases salt
    95 |RCENTER |100 |       |SM      MR|m               |Cell-Center Height
    96 |RSURF   |  1 |       |SM      M1|m               |Surface Height
    97 |TOTUTEND|100 |    98 |UUR     MR|m/s/day         |Tendency of Zonal Component of Velocity
    98 |TOTVTEND|100 |    97 |VVR     MR|m/s/day         |Tendency of Meridional Component of Velocity
    99 |TOTTTEND|100 |       |SMR     MR|degC/day        |Tendency of Potential Temperature
------------------------------------------------------------------------------------
  Num  |<-Name->|Levs|  mate |<- code ->|<--  Units   -->|<- Tile (max=80c)         
------------------------------------------------------------------------------------
   100 |TOTSTEND|100 |       |SMR     MR|psu/day         |Tendency of Salinity
   101 |MoistCor|100 |       |SM      MR|W/m^2           |Heating correction due to moist thermodynamics
   102 |gT_Forc |100 |       |SMR     MR|degC/s          |Potential Temp. forcing tendency
   103 |gS_Forc |100 |       |SMR     MR|psu/s           |Salinity forcing tendency
   104 |AB_gT   |100 |       |SMR     MR|degC/s          |Potential Temp. tendency from Adams-Bashforth
   105 |AB_gS   |100 |       |SMR     MR|psu/s           |Salinity tendency from Adams-Bashforth
   106 |gTinAB  |100 |       |SMR     MR|degC/s          |Potential Temp. tendency going in Adams-Bashforth
   107 |gSinAB  |100 |       |SMR     MR|psu/s           |Salinity tendency going in Adams-Bashforth
   108 |AB_gU   |100 |   109 |UUR     MR|m/s^2           |U momentum tendency from Adams-Bashforth
   109 |AB_gV   |100 |   108 |VVR     MR|m/s^2           |V momentum tendency from Adams-Bashforth
   110 |ADVr_TH |100 |       |WM      LR|degC.m^3/s      |Vertical   Advective Flux of Pot.Temperature
   111 |ADVx_TH |100 |   112 |UU      MR|degC.m^3/s      |Zonal      Advective Flux of Pot.Temperature
   112 |ADVy_TH |100 |   111 |VV      MR|degC.m^3/s      |Meridional Advective Flux of Pot.Temperature
   113 |DFrE_TH |100 |       |WM      LR|degC.m^3/s      |Vertical Diffusive Flux of Pot.Temperature (Explicit part)
   114 |DFxE_TH |100 |   115 |UU      MR|degC.m^3/s      |Zonal      Diffusive Flux of Pot.Temperature
   115 |DFyE_TH |100 |   114 |VV      MR|degC.m^3/s      |Meridional Diffusive Flux of Pot.Temperature
   116 |DFrI_TH |100 |       |WM      LR|degC.m^3/s      |Vertical Diffusive Flux of Pot.Temperature (Implicit part)
   117 |ADVr_SLT|100 |       |WM      LR|psu.m^3/s       |Vertical   Advective Flux of Salinity
   118 |ADVx_SLT|100 |   119 |UU      MR|psu.m^3/s       |Zonal      Advective Flux of Salinity
   119 |ADVy_SLT|100 |   118 |VV      MR|psu.m^3/s       |Meridional Advective Flux of Salinity
   120 |DFrE_SLT|100 |       |WM      LR|psu.m^3/s       |Vertical Diffusive Flux of Salinity    (Explicit part)
   121 |DFxE_SLT|100 |   122 |UU      MR|psu.m^3/s       |Zonal      Diffusive Flux of Salinity
   122 |DFyE_SLT|100 |   121 |VV      MR|psu.m^3/s       |Meridional Diffusive Flux of Salinity
   123 |DFrI_SLT|100 |       |WM      LR|psu.m^3/s       |Vertical Diffusive Flux of Salinity    (Implicit part)
   124 |SALTFILL|100 |       |SM      MR|psu.m^3/s       |Filling of Negative Values of Salinity
   125 |VISCAHZ |100 |       |SZ      MR|m^2/s           |Harmonic Visc Coefficient (m2/s) (Zeta Pt)
   126 |VISCA4Z |100 |       |SZ      MR|m^4/s           |Biharmonic Visc Coefficient (m4/s) (Zeta Pt)
   127 |VISCAHD |100 |       |SM      MR|m^2/s           |Harmonic Viscosity Coefficient (m2/s) (Div Pt)
   128 |VISCA4D |100 |       |SM      MR|m^4/s           |Biharmonic Viscosity Coefficient (m4/s) (Div Pt)
   129 |VISCAHW |100 |       |WM      LR|m^2/s           |Harmonic Viscosity Coefficient (m2/s) (W Pt)
   130 |VISCA4W |100 |       |WM      LR|m^4/s           |Biharmonic Viscosity Coefficient (m4/s) (W Pt)
   131 |VAHZMAX |100 |       |SZ      MR|m^2/s           |CFL-MAX Harm Visc Coefficient (m2/s) (Zeta Pt)
   132 |VA4ZMAX |100 |       |SZ      MR|m^4/s           |CFL-MAX Biharm Visc Coefficient (m4/s) (Zeta Pt)
   133 |VAHDMAX |100 |       |SM      MR|m^2/s           |CFL-MAX Harm Visc Coefficient (m2/s) (Div Pt)
   134 |VA4DMAX |100 |       |SM      MR|m^4/s           |CFL-MAX Biharm Visc Coefficient (m4/s) (Div Pt)
   135 |VAHZMIN |100 |       |SZ      MR|m^2/s           |RE-MIN Harm Visc Coefficient (m2/s) (Zeta Pt)
   136 |VA4ZMIN |100 |       |SZ      MR|m^4/s           |RE-MIN Biharm Visc Coefficient (m4/s) (Zeta Pt)
   137 |VAHDMIN |100 |       |SM      MR|m^2/s           |RE-MIN Harm Visc Coefficient (m2/s) (Div Pt)
   138 |VA4DMIN |100 |       |SM      MR|m^4/s           |RE-MIN Biharm Visc Coefficient (m4/s) (Div Pt)
   139 |VAHZLTH |100 |       |SZ      MR|m^2/s           |Leith Harm Visc Coefficient (m2/s) (Zeta Pt)
   140 |VA4ZLTH |100 |       |SZ      MR|m^4/s           |Leith Biharm Visc Coefficient (m4/s) (Zeta Pt)
   141 |VAHDLTH |100 |       |SM      MR|m^2/s           |Leith Harm Visc Coefficient (m2/s) (Div Pt)
   142 |VA4DLTH |100 |       |SM      MR|m^4/s           |Leith Biharm Visc Coefficient (m4/s) (Div Pt)
   143 |VAHZLTHD|100 |       |SZ      MR|m^2/s           |LeithD Harm Visc Coefficient (m2/s) (Zeta Pt)
   144 |VA4ZLTHD|100 |       |SZ      MR|m^4/s           |LeithD Biharm Visc Coefficient (m4/s) (Zeta Pt)
   145 |VAHDLTHD|100 |       |SM      MR|m^2/s           |LeithD Harm Visc Coefficient (m2/s) (Div Pt)
   146 |VA4DLTHD|100 |       |SM      MR|m^4/s           |LeithD Biharm Visc Coefficient (m4/s) (Div Pt)
   147 |VAHZSMAG|100 |       |SZ      MR|m^2/s           |Smagorinsky Harm Visc Coefficient (m2/s) (Zeta Pt)
   148 |VA4ZSMAG|100 |       |SZ      MR|m^4/s           |Smagorinsky Biharm Visc Coeff. (m4/s) (Zeta Pt)
   149 |VAHDSMAG|100 |       |SM      MR|m^2/s           |Smagorinsky Harm Visc Coefficient (m2/s) (Div Pt)
   150 |VA4DSMAG|100 |       |SM      MR|m^4/s           |Smagorinsky Biharm Visc Coeff. (m4/s) (Div Pt)
   151 |momKE   |100 |       |SMR     MR|m^2/s^2         |Kinetic Energy (in momentum Eq.)
   152 |momHDiv |100 |       |SMR     MR|s^-1            |Horizontal Divergence (in momentum Eq.)
   153 |momVort3|100 |       |SZR     MR|s^-1            |3rd component (vertical) of Vorticity
   154 |Strain  |100 |       |SZR     MR|s^-1            |Horizontal Strain of Horizontal Velocities
   155 |Tension |100 |       |SMR     MR|s^-1            |Horizontal Tension of Horizontal Velocities
   156 |UBotDrag|100 |   157 |UUR     MR|m/s^2           |U momentum tendency from Bottom Drag
   157 |VBotDrag|100 |   156 |VVR     MR|m/s^2           |V momentum tendency from Bottom Drag
   158 |USidDrag|100 |   159 |UUR     MR|m/s^2           |U momentum tendency from Side Drag
   159 |VSidDrag|100 |   158 |VVR     MR|m/s^2           |V momentum tendency from Side Drag
   160 |Um_Diss |100 |   161 |UUR     MR|m/s^2           |U momentum tendency from Dissipation
   161 |Vm_Diss |100 |   160 |VVR     MR|m/s^2           |V momentum tendency from Dissipation
   162 |Um_Advec|100 |   163 |UUR     MR|m/s^2           |U momentum tendency from Advection terms
   163 |Vm_Advec|100 |   162 |VVR     MR|m/s^2           |V momentum tendency from Advection terms
   164 |Um_Cori |100 |   165 |UUR     MR|m/s^2           |U momentum tendency from Coriolis term
   165 |Vm_Cori |100 |   164 |VVR     MR|m/s^2           |V momentum tendency from Coriolis term
   166 |Um_dPHdx|100 |   167 |UUR     MR|m/s^2           |U momentum tendency from Hydrostatic Pressure grad
   167 |Vm_dPHdy|100 |   166 |VVR     MR|m/s^2           |V momentum tendency from Hydrostatic Pressure grad
   168 |Um_Ext  |100 |   169 |UUR     MR|m/s^2           |U momentum tendency from external forcing
   169 |Vm_Ext  |100 |   168 |VVR     MR|m/s^2           |V momentum tendency from external forcing
   170 |Um_AdvZ3|100 |   171 |UUR     MR|m/s^2           |U momentum tendency from Vorticity Advection
   171 |Vm_AdvZ3|100 |   170 |VVR     MR|m/s^2           |V momentum tendency from Vorticity Advection
   172 |Um_AdvRe|100 |   173 |UUR     MR|m/s^2           |U momentum tendency from vertical Advection (Explicit part)
   173 |Vm_AdvRe|100 |   172 |VVR     MR|m/s^2           |V momentum tendency from vertical Advection (Explicit part)
   174 |VISrI_Um|100 |       |WU      LR|m^4/s^2         |Vertical   Viscous Flux of U momentum (Implicit part)
   175 |VISrI_Vm|100 |       |WV      LR|m^4/s^2         |Vertical   Viscous Flux of V momentum (Implicit part)
   176 |EXFhs   |  1 |       |SM      U1|W/m^2           |Sensible heat flux into ocean, >0 increases theta
   177 |EXFhl   |  1 |       |SM      U1|W/m^2           |Latent heat flux into ocean, >0 increases theta
   178 |EXFlwnet|  1 |       |SM      U1|W/m^2           |Net upward longwave radiation, >0 decreases theta
   179 |EXFswnet|  1 |       |SM      U1|W/m^2           |Net upward shortwave radiation, >0 decreases theta
   180 |EXFlwdn |  1 |       |SM      U1|W/m^2           |Downward longwave radiation, >0 increases theta
   181 |EXFswdn |  1 |       |SM      U1|W/m^2           |Downward shortwave radiation, >0 increases theta
   182 |EXFqnet |  1 |       |SM      U1|W/m^2           |Net upward heat flux (turb+rad), >0 decreases theta
   183 |EXFtaux |  1 |       |UM      U1|N/m^2           |zonal surface wind stress, >0 increases uVel
   184 |EXFtauy |  1 |       |VM      U1|N/m^2           |meridional surface wind stress, >0 increases vVel
   185 |EXFuwind|  1 |       |UM      U1|m/s             |zonal 10-m wind speed, >0 eastward
   186 |EXFvwind|  1 |       |VM      U1|m/s             |meridional 10-m wind speed, >0 northward
   187 |EXFwspee|  1 |       |SM      U1|m/s             |10-m wind speed modulus ( >= 0 )
   188 |EXFatemp|  1 |       |SM      U1|degK            |surface (2-m) air temperature
   189 |EXFaqh  |  1 |       |SM      U1|kg/kg           |surface (2-m) specific humidity
   190 |EXFevap |  1 |       |SM      U1|m/s             |evaporation, > 0 increases salinity
   191 |EXFpreci|  1 |       |SM      U1|m/s             |precipitation, > 0 decreases salinity
   192 |EXFsnow |  1 |       |SM      U1|m/s             |snow precipitation, > 0 decreases salinity
   193 |EXFempmr|  1 |       |SM      U1|m/s             |net upward freshwater flux, > 0 increases salinity
   194 |EXFpress|  1 |       |SM      U1|N/m^2           |atmospheric pressure field
   195 |EXFroff |  1 |       |SM      U1|m/s             |river runoff, > 0 decreases salinity
   196 |EXFroft |  1 |       |SM      U1|deg C           |river runoff temperature
   197 |EXFsalfx|  1 |       |SM      U1|psu.kg/m^2/s    |upward salt flux, > 0 decreases salinity
   198 |KPPviscA|100 |       |SM P    LR|m^2/s           |KPP vertical eddy viscosity coefficient
   199 |KPPdiffS|100 |       |SM P    LR|m^2/s           |Vertical diffusion coefficient for salt & tracers
------------------------------------------------------------------------------------
  Num  |<-Name->|Levs|  mate |<- code ->|<--  Units   -->|<- Tile (max=80c)         
------------------------------------------------------------------------------------
   200 |KPPdiffT|100 |       |SM P    LR|m^2/s           |Vertical diffusion coefficient for heat
   201 |KPPghatK|100 |       |SM P    LR|0-1             |ratio of KPP non-local (salt) flux relative to surface-flux
   202 |KPPhbl  |  1 |       |SM P     1|m               |KPP boundary layer depth, bulk Ri criterion
   203 |KPPfrac |  1 |       |SM P     1|                |Short-wave flux fraction penetrating mixing layer
   204 |KPPdbsfc|100 |       |SM P    UR|m/s^2           |Buoyancy difference with respect to surface
   205 |KPPbfsfc|100 |       |SM P    UR|m^2/s^3         |Bo+radiation absorbed to d=hbf*hbl + plume
   206 |KPPRi   |100 |       |SM P    UR|non-dimensional |Bulk Richardson number
   207 |KPPbo   |  1 |       |SM P     1|m^2/s^3         |Surface turbulent buoyancy forcing
   208 |KPPbosol|  1 |       |SM P     1|m^2/s^3         |surface radiative buoyancy forcing
   209 |KPPdbloc|100 |       |SM P    UR|m/s^2           |Local delta buoyancy across interfaces
   210 |KPPnuddt|100 |       |SM P    UR|m^2/s           |Vertical double diffusion coefficient for heat
   211 |KPPnudds|100 |       |SM P    UR|m^2/s           |Vertical double diffusion coefficient for salt
   212 |KPPg_TH |100 |       |WM      LR|degC.m^3/s      |KPP non-local Flux of Pot.Temperature
   213 |KPPg_SLT|100 |       |WM      LR|psu.m^3/s       |KPP non-local Flux of Salinity
------------------------------------------------------------------------------------
  Num  |<-Name->|Levs|  mate |<- code ->|<--  Units   -->|<- Tile (max=80c)         
------------------------------------------------------------------------------------
